<?xml version="1.0" encoding="UTF-8"?>
<testsuite name="cs1501_p1.Test_01" tests="7" skipped="0" failures="0" errors="0" timestamp="2025-02-04T20:55:49" hostname="Relic.local" time="0.06">
  <properties/>
  <testcase name="delete()" classname="cs1501_p1.Test_01" time="0.045"/>
  <testcase name="height()" classname="cs1501_p1.Test_01" time="0.001"/>
  <testcase name="serial()" classname="cs1501_p1.Test_01" time="0.002"/>
  <testcase name="putAndContains()" classname="cs1501_p1.Test_01" time="0.002"/>
  <testcase name="iot()" classname="cs1501_p1.Test_01" time="0.004"/>
  <testcase name="reverse()" classname="cs1501_p1.Test_01" time="0.0"/>
  <testcase name="isBalanced()" classname="cs1501_p1.Test_01" time="0.001"/>
  <system-out><![CDATA[]]></system-out>
  <system-err><![CDATA[]]></system-err>
</testsuite>
