<?xml version="1.0" encoding="UTF-8"?>
<testsuite name="cs1501_p1.BasicTests" tests="8" skipped="0" failures="0" errors="0" timestamp="2025-02-04T20:55:49" hostname="Relic.local" time="0.005">
  <properties/>
  <testcase name="basic_serial()" classname="cs1501_p1.BasicTests" time="0.001"/>
  <testcase name="basic_pc()" classname="cs1501_p1.BasicTests" time="0.001"/>
  <testcase name="basic_bal()" classname="cs1501_p1.BasicTests" time="0.0"/>
  <testcase name="basic_del()" classname="cs1501_p1.BasicTests" time="0.0"/>
  <testcase name="basic_iot()" classname="cs1501_p1.BasicTests" time="0.001"/>
  <testcase name="basic_rev()" classname="cs1501_p1.BasicTests" time="0.0"/>
  <testcase name="submit()" classname="cs1501_p1.BasicTests" time="0.0"/>
  <testcase name="basic_height()" classname="cs1501_p1.BasicTests" time="0.0"/>
  <system-out><![CDATA[]]></system-out>
  <system-err><![CDATA[]]></system-err>
</testsuite>
